Library/Bee/Android/Prj/IL2CPP/Gradle/launcher/build/intermediates/manifest_merge_blame_file/release/manifest-merger-blame-release-report.txt
1<?xml version="1.0" encoding="utf-8"?>
2<manifest xmlns:android="http://schemas.android.com/apk/res/android"
3    package="com.rb.AR_SharingMemo"
4    android:installLocation="preferExternal"
5    android:versionCode="1"
6    android:versionName="1.0" >
7
8    <uses-sdk
9        android:minSdkVersion="27"
9-->src\main\AndroidManifest.xml
10        android:targetSdkVersion="30" />
10-->src\main\AndroidManifest.xml
11
12    <supports-screens
12-->src\main\AndroidManifest.xml:3:3-163
13        android:anyDensity="true"
13-->src\main\AndroidManifest.xml:3:135-160
14        android:largeScreens="true"
14-->src\main\AndroidManifest.xml:3:78-105
15        android:normalScreens="true"
15-->src\main\AndroidManifest.xml:3:49-77
16        android:smallScreens="true"
16-->src\main\AndroidManifest.xml:3:21-48
17        android:xlargeScreens="true" />
17-->src\main\AndroidManifest.xml:3:106-134
18
19    <uses-feature android:glEsVersion="0x00030000" />
19-->[:unityLibrary] AndroidManifest.xml:12:5-54
19-->[:unityLibrary] AndroidManifest.xml:12:19-51
20
21    <uses-permission android:name="android.permission.INTERNET" />
21-->[:unityLibrary] AndroidManifest.xml:14:5-67
21-->[:unityLibrary] AndroidManifest.xml:14:22-64
22    <uses-permission android:name="android.permission.CAMERA" />
22-->[:unityLibrary] AndroidManifest.xml:15:5-65
22-->[:unityLibrary] AndroidManifest.xml:15:22-62
23
24    <uses-feature
24-->[:unityLibrary] AndroidManifest.xml:17:5-19:36
25        android:name="android.hardware.camera"
25-->[:unityLibrary] AndroidManifest.xml:18:9-47
26        android:required="false" />
26-->[:unityLibrary] AndroidManifest.xml:19:9-33
27    <uses-feature
27-->[:unityLibrary] AndroidManifest.xml:20:5-22:36
28        android:name="android.hardware.camera.autofocus"
28-->[:unityLibrary] AndroidManifest.xml:21:9-57
29        android:required="false" />
29-->[:unityLibrary] AndroidManifest.xml:22:9-33
30    <uses-feature
30-->[:unityLibrary] AndroidManifest.xml:23:5-25:36
31        android:name="android.hardware.camera.front"
31-->[:unityLibrary] AndroidManifest.xml:24:9-53
32        android:required="false" />
32-->[:unityLibrary] AndroidManifest.xml:25:9-33
33    <uses-feature
33-->[:unityLibrary] AndroidManifest.xml:26:5-28:36
34        android:name="android.hardware.touchscreen"
34-->[:unityLibrary] AndroidManifest.xml:27:9-52
35        android:required="false" />
35-->[:unityLibrary] AndroidManifest.xml:28:9-33
36    <uses-feature
36-->[:unityLibrary] AndroidManifest.xml:29:5-31:36
37        android:name="android.hardware.touchscreen.multitouch"
37-->[:unityLibrary] AndroidManifest.xml:30:9-63
38        android:required="false" />
38-->[:unityLibrary] AndroidManifest.xml:31:9-33
39    <uses-feature
39-->[:unityLibrary] AndroidManifest.xml:32:5-34:36
40        android:name="android.hardware.touchscreen.multitouch.distinct"
40-->[:unityLibrary] AndroidManifest.xml:33:9-72
41        android:required="false" />
41-->[:unityLibrary] AndroidManifest.xml:34:9-33
42    <uses-feature
42-->[:unityLibrary] AndroidManifest.xml:35:5-37:35
43        android:name="android.hardware.camera.ar"
43-->[:unityLibrary] AndroidManifest.xml:36:9-50
44        android:required="true" />
44-->[:unityLibrary] AndroidManifest.xml:37:9-32
45    <uses-feature
45-->[:unityLibrary] AndroidManifest.xml:38:5-40:35
46        android:name="com.google.ar.core.depth"
46-->[:unityLibrary] AndroidManifest.xml:39:9-48
47        android:required="true" />
47-->[:unityLibrary] AndroidManifest.xml:40:9-32
48
49    <uses-permission android:name="android.permission.ACCESS_NETWORK_STATE" />
49-->[:com.google.android.gms.play-services-measurement-impl-21.3.0:] AndroidManifest.xml:24:5-79
49-->[:com.google.android.gms.play-services-measurement-impl-21.3.0:] AndroidManifest.xml:24:22-76
50    <uses-permission android:name="android.permission.WAKE_LOCK" />
50-->[:com.google.android.gms.play-services-measurement-impl-21.3.0:] AndroidManifest.xml:25:5-68
50-->[:com.google.android.gms.play-services-measurement-impl-21.3.0:] AndroidManifest.xml:25:22-65
51    <uses-permission android:name="com.google.android.finsky.permission.BIND_GET_INSTALL_REFERRER_SERVICE" />
51-->[:com.google.android.gms.play-services-measurement-impl-21.3.0:] AndroidManifest.xml:26:5-110
51-->[:com.google.android.gms.play-services-measurement-impl-21.3.0:] AndroidManifest.xml:26:22-107
52    <uses-permission android:name="com.google.android.gms.permission.AD_ID" />
52-->[:com.google.android.gms.play-services-measurement-impl-21.3.0:] AndroidManifest.xml:27:5-79
52-->[:com.google.android.gms.play-services-measurement-impl-21.3.0:] AndroidManifest.xml:27:22-76
53
54    <queries>
54-->[:arcore_client:] AndroidManifest.xml:29:5-31:15
55        <package android:name="com.google.ar.core" />
55-->[:arcore_client:] AndroidManifest.xml:30:9-54
55-->[:arcore_client:] AndroidManifest.xml:30:18-51
56    </queries>
57
58    <application
58-->src\main\AndroidManifest.xml:4:3-83
59        android:appComponentFactory="androidx.core.app.CoreComponentFactory"
59-->[:androidx.core.core-1.2.0:] AndroidManifest.xml:24:18-86
60        android:extractNativeLibs="true"
60-->[:unityLibrary] AndroidManifest.xml:42:18-50
61        android:icon="@mipmap/app_icon"
61-->src\main\AndroidManifest.xml:4:49-80
62        android:label="@string/app_name" >
62-->src\main\AndroidManifest.xml:4:16-48
63        <activity
63-->[:unityLibrary] AndroidManifest.xml:43:9-63:20
64            android:name="com.unity3d.player.UnityPlayerActivity"
64-->[:unityLibrary] AndroidManifest.xml:44:13-66
65            android:configChanges="mcc|mnc|locale|touchscreen|keyboard|keyboardHidden|navigation|orientation|screenLayout|uiMode|screenSize|smallestScreenSize|fontScale|layoutDirection|density"
65-->[:unityLibrary] AndroidManifest.xml:45:13-194
66            android:hardwareAccelerated="false"
66-->[:unityLibrary] AndroidManifest.xml:46:13-48
67            android:launchMode="singleTask"
67-->[:unityLibrary] AndroidManifest.xml:47:13-44
68            android:resizeableActivity="false"
68-->[:unityLibrary] AndroidManifest.xml:48:13-47
69            android:screenOrientation="portrait"
69-->[:unityLibrary] AndroidManifest.xml:49:13-49
70            android:theme="@style/UnityThemeSelector" >
70-->[:unityLibrary] AndroidManifest.xml:50:13-54
71            <intent-filter>
71-->[:unityLibrary] AndroidManifest.xml:51:13-55:29
72                <action android:name="android.intent.action.MAIN" />
72-->[:unityLibrary] AndroidManifest.xml:52:17-69
72-->[:unityLibrary] AndroidManifest.xml:52:25-66
73
74                <category android:name="android.intent.category.LAUNCHER" />
74-->[:unityLibrary] AndroidManifest.xml:54:17-77
74-->[:unityLibrary] AndroidManifest.xml:54:27-74
75            </intent-filter>
76
77            <meta-data
77-->[:unityLibrary] AndroidManifest.xml:57:13-59:40
78                android:name="unityplayer.UnityActivity"
78-->[:unityLibrary] AndroidManifest.xml:58:17-57
79                android:value="true" />
79-->[:unityLibrary] AndroidManifest.xml:59:17-37
80            <meta-data
80-->[:unityLibrary] AndroidManifest.xml:60:13-62:40
81                android:name="android.notch_support"
81-->[:unityLibrary] AndroidManifest.xml:61:17-53
82                android:value="true" />
82-->[:unityLibrary] AndroidManifest.xml:62:17-37
83        </activity>
84
85        <meta-data
85-->[:unityLibrary] AndroidManifest.xml:65:9-67:33
86            android:name="unity.splash-mode"
86-->[:unityLibrary] AndroidManifest.xml:66:13-45
87            android:value="0" />
87-->[:unityLibrary] AndroidManifest.xml:67:13-30
88        <meta-data
88-->[:unityLibrary] AndroidManifest.xml:68:9-70:36
89            android:name="unity.splash-enable"
89-->[:unityLibrary] AndroidManifest.xml:69:13-47
90            android:value="True" />
90-->[:unityLibrary] AndroidManifest.xml:70:13-33
91        <meta-data
91-->[:unityLibrary] AndroidManifest.xml:71:9-73:36
92            android:name="unity.launch-fullscreen"
92-->[:unityLibrary] AndroidManifest.xml:72:13-51
93            android:value="True" />
93-->[:unityLibrary] AndroidManifest.xml:73:13-33
94        <meta-data
94-->[:unityLibrary] AndroidManifest.xml:74:9-76:37
95            android:name="unity.allow-resizable-window"
95-->[:unityLibrary] AndroidManifest.xml:75:13-56
96            android:value="False" />
96-->[:unityLibrary] AndroidManifest.xml:76:13-34
97        <meta-data
97-->[:unityLibrary] AndroidManifest.xml:77:9-79:50
98            android:name="notch.config"
98-->[:unityLibrary] AndroidManifest.xml:78:13-40
99            android:value="portrait|landscape" />
99-->[:unityLibrary] AndroidManifest.xml:79:13-47
100        <meta-data
100-->[:unityLibrary] AndroidManifest.xml:80:9-82:36
101            android:name="unityplayer.SkipPermissionsDialog"
101-->[:unityLibrary] AndroidManifest.xml:81:13-61
102            android:value="true" />
102-->[:unityLibrary] AndroidManifest.xml:82:13-33
103        <meta-data
103-->[:unityLibrary] AndroidManifest.xml:83:9-85:40
104            android:name="com.google.ar.core"
104-->[:unityLibrary] AndroidManifest.xml:84:13-46
105            android:value="required" /> <!-- The minimal version code of ARCore APK required for an app using this SDK. -->
105-->[:unityLibrary] AndroidManifest.xml:85:13-37
106        <meta-data
106-->[:arcore_client:] AndroidManifest.xml:36:9-38:41
107            android:name="com.google.ar.core.min_apk_version"
107-->[:arcore_client:] AndroidManifest.xml:37:13-62
108            android:value="210910000" /> <!-- This activity is critical for installing ARCore when it is not already present. -->
108-->[:arcore_client:] AndroidManifest.xml:38:13-38
109        <activity
109-->[:arcore_client:] AndroidManifest.xml:40:9-46:80
110            android:name="com.google.ar.core.InstallActivity"
110-->[:arcore_client:] AndroidManifest.xml:41:13-62
111            android:configChanges="keyboardHidden|orientation|screenSize"
111-->[:arcore_client:] AndroidManifest.xml:42:13-74
112            android:excludeFromRecents="true"
112-->[:arcore_client:] AndroidManifest.xml:43:13-46
113            android:exported="false"
113-->[:arcore_client:] AndroidManifest.xml:44:13-37
114            android:launchMode="singleTop"
114-->[:arcore_client:] AndroidManifest.xml:45:13-43
115            android:theme="@android:style/Theme.Material.Light.Dialog.Alert" />
115-->[:arcore_client:] AndroidManifest.xml:46:13-77
116        <activity
116-->[:com.google.firebase.firebase-auth-22.0.0:] AndroidManifest.xml:29:9-46:20
117            android:name="com.google.firebase.auth.internal.GenericIdpActivity"
117-->[:com.google.firebase.firebase-auth-22.0.0:] AndroidManifest.xml:30:13-80
118            android:excludeFromRecents="true"
118-->[:com.google.firebase.firebase-auth-22.0.0:] AndroidManifest.xml:31:13-46
119            android:exported="true"
119-->[:com.google.firebase.firebase-auth-22.0.0:] AndroidManifest.xml:32:13-36
120            android:launchMode="singleTask"
120-->[:com.google.firebase.firebase-auth-22.0.0:] AndroidManifest.xml:33:13-44
121            android:theme="@android:style/Theme.Translucent.NoTitleBar" >
121-->[:com.google.firebase.firebase-auth-22.0.0:] AndroidManifest.xml:34:13-72
122            <intent-filter>
122-->[:com.google.firebase.firebase-auth-22.0.0:] AndroidManifest.xml:35:13-45:29
123                <action android:name="android.intent.action.VIEW" />
123-->[:com.google.firebase.firebase-auth-22.0.0:] AndroidManifest.xml:36:17-69
123-->[:com.google.firebase.firebase-auth-22.0.0:] AndroidManifest.xml:36:25-66
124
125                <category android:name="android.intent.category.DEFAULT" />
125-->[:com.google.firebase.firebase-auth-22.0.0:] AndroidManifest.xml:38:17-76
125-->[:com.google.firebase.firebase-auth-22.0.0:] AndroidManifest.xml:38:27-73
126                <category android:name="android.intent.category.BROWSABLE" />
126-->[:com.google.firebase.firebase-auth-22.0.0:] AndroidManifest.xml:39:17-78
126-->[:com.google.firebase.firebase-auth-22.0.0:] AndroidManifest.xml:39:27-75
127
128                <data
128-->[:com.google.firebase.firebase-auth-22.0.0:] AndroidManifest.xml:41:17-44:51
129                    android:host="firebase.auth"
129-->[:com.google.firebase.firebase-auth-22.0.0:] AndroidManifest.xml:42:21-49
130                    android:path="/"
130-->[:com.google.firebase.firebase-auth-22.0.0:] AndroidManifest.xml:43:21-37
131                    android:scheme="genericidp" />
131-->[:com.google.firebase.firebase-auth-22.0.0:] AndroidManifest.xml:44:21-48
132            </intent-filter>
133        </activity>
134        <activity
134-->[:com.google.firebase.firebase-auth-22.0.0:] AndroidManifest.xml:47:9-64:20
135            android:name="com.google.firebase.auth.internal.RecaptchaActivity"
135-->[:com.google.firebase.firebase-auth-22.0.0:] AndroidManifest.xml:48:13-79
136            android:excludeFromRecents="true"
136-->[:com.google.firebase.firebase-auth-22.0.0:] AndroidManifest.xml:49:13-46
137            android:exported="true"
137-->[:com.google.firebase.firebase-auth-22.0.0:] AndroidManifest.xml:50:13-36
138            android:launchMode="singleTask"
138-->[:com.google.firebase.firebase-auth-22.0.0:] AndroidManifest.xml:51:13-44
139            android:theme="@android:style/Theme.Translucent.NoTitleBar" >
139-->[:com.google.firebase.firebase-auth-22.0.0:] AndroidManifest.xml:52:13-72
140            <intent-filter>
140-->[:com.google.firebase.firebase-auth-22.0.0:] AndroidManifest.xml:53:13-63:29
141                <action android:name="android.intent.action.VIEW" />
141-->[:com.google.firebase.firebase-auth-22.0.0:] AndroidManifest.xml:36:17-69
141-->[:com.google.firebase.firebase-auth-22.0.0:] AndroidManifest.xml:36:25-66
142
143                <category android:name="android.intent.category.DEFAULT" />
143-->[:com.google.firebase.firebase-auth-22.0.0:] AndroidManifest.xml:38:17-76
143-->[:com.google.firebase.firebase-auth-22.0.0:] AndroidManifest.xml:38:27-73
144                <category android:name="android.intent.category.BROWSABLE" />
144-->[:com.google.firebase.firebase-auth-22.0.0:] AndroidManifest.xml:39:17-78
144-->[:com.google.firebase.firebase-auth-22.0.0:] AndroidManifest.xml:39:27-75
145
146                <data
146-->[:com.google.firebase.firebase-auth-22.0.0:] AndroidManifest.xml:41:17-44:51
147                    android:host="firebase.auth"
147-->[:com.google.firebase.firebase-auth-22.0.0:] AndroidManifest.xml:42:21-49
148                    android:path="/"
148-->[:com.google.firebase.firebase-auth-22.0.0:] AndroidManifest.xml:43:21-37
149                    android:scheme="recaptcha" />
149-->[:com.google.firebase.firebase-auth-22.0.0:] AndroidManifest.xml:44:21-48
150            </intent-filter>
151        </activity>
152
153        <service
153-->[:com.google.firebase.firebase-auth-22.0.0:] AndroidManifest.xml:66:9-72:19
154            android:name="com.google.firebase.components.ComponentDiscoveryService"
154-->[:com.google.firebase.firebase-auth-22.0.0:] AndroidManifest.xml:67:13-84
155            android:directBootAware="true"
155-->[:com.google.firebase.firebase-common-20.3.2:] AndroidManifest.xml:21:86-116
156            android:exported="false" >
156-->[:com.google.firebase.firebase-auth-22.0.0:] AndroidManifest.xml:68:13-37
157            <meta-data
157-->[:com.google.firebase.firebase-auth-22.0.0:] AndroidManifest.xml:69:13-71:85
158                android:name="com.google.firebase.components:com.google.firebase.auth.FirebaseAuthRegistrar"
158-->[:com.google.firebase.firebase-auth-22.0.0:] AndroidManifest.xml:70:17-109
159                android:value="com.google.firebase.components.ComponentRegistrar" />
159-->[:com.google.firebase.firebase-auth-22.0.0:] AndroidManifest.xml:71:17-82
160            <meta-data
160-->[:com.google.firebase.firebase-installations-17.0.1:] AndroidManifest.xml:18:13-20:85
161                android:name="com.google.firebase.components:com.google.firebase.installations.FirebaseInstallationsRegistrar"
161-->[:com.google.firebase.firebase-installations-17.0.1:] AndroidManifest.xml:19:17-127
162                android:value="com.google.firebase.components.ComponentRegistrar" />
162-->[:com.google.firebase.firebase-installations-17.0.1:] AndroidManifest.xml:20:17-82
163            <meta-data
163-->[:com.google.android.gms.play-services-measurement-api-21.3.0:] AndroidManifest.xml:31:13-33:85
164                android:name="com.google.firebase.components:com.google.firebase.analytics.connector.internal.AnalyticsConnectorRegistrar"
164-->[:com.google.android.gms.play-services-measurement-api-21.3.0:] AndroidManifest.xml:32:17-139
165                android:value="com.google.firebase.components.ComponentRegistrar" />
165-->[:com.google.android.gms.play-services-measurement-api-21.3.0:] AndroidManifest.xml:33:17-82
166            <meta-data
166-->[:com.google.firebase.firebase-database-20.2.2:] AndroidManifest.xml:31:13-33:85
167                android:name="com.google.firebase.components:com.google.firebase.database.DatabaseRegistrar"
167-->[:com.google.firebase.firebase-database-20.2.2:] AndroidManifest.xml:32:17-109
168                android:value="com.google.firebase.components.ComponentRegistrar" />
168-->[:com.google.firebase.firebase-database-20.2.2:] AndroidManifest.xml:33:17-82
169            <meta-data
169-->[:com.google.firebase.firebase-storage-20.2.0:] AndroidManifest.xml:32:13-34:85
170                android:name="com.google.firebase.components:com.google.firebase.storage.StorageRegistrar"
170-->[:com.google.firebase.firebase-storage-20.2.0:] AndroidManifest.xml:33:17-107
171                android:value="com.google.firebase.components.ComponentRegistrar" />
171-->[:com.google.firebase.firebase-storage-20.2.0:] AndroidManifest.xml:34:17-82
172        </service>
173
174        <receiver
174-->[:com.google.android.gms.play-services-measurement-21.3.0:] AndroidManifest.xml:29:9-33:20
175            android:name="com.google.android.gms.measurement.AppMeasurementReceiver"
175-->[:com.google.android.gms.play-services-measurement-21.3.0:] AndroidManifest.xml:30:13-85
176            android:enabled="true"
176-->[:com.google.android.gms.play-services-measurement-21.3.0:] AndroidManifest.xml:31:13-35
177            android:exported="false" >
177-->[:com.google.android.gms.play-services-measurement-21.3.0:] AndroidManifest.xml:32:13-37
178        </receiver>
179
180        <service
180-->[:com.google.android.gms.play-services-measurement-21.3.0:] AndroidManifest.xml:35:9-38:40
181            android:name="com.google.android.gms.measurement.AppMeasurementService"
181-->[:com.google.android.gms.play-services-measurement-21.3.0:] AndroidManifest.xml:36:13-84
182            android:enabled="true"
182-->[:com.google.android.gms.play-services-measurement-21.3.0:] AndroidManifest.xml:37:13-35
183            android:exported="false" />
183-->[:com.google.android.gms.play-services-measurement-21.3.0:] AndroidManifest.xml:38:13-37
184        <service
184-->[:com.google.android.gms.play-services-measurement-21.3.0:] AndroidManifest.xml:39:9-43:72
185            android:name="com.google.android.gms.measurement.AppMeasurementJobService"
185-->[:com.google.android.gms.play-services-measurement-21.3.0:] AndroidManifest.xml:40:13-87
186            android:enabled="true"
186-->[:com.google.android.gms.play-services-measurement-21.3.0:] AndroidManifest.xml:41:13-35
187            android:exported="false"
187-->[:com.google.android.gms.play-services-measurement-21.3.0:] AndroidManifest.xml:42:13-37
188            android:permission="android.permission.BIND_JOB_SERVICE" />
188-->[:com.google.android.gms.play-services-measurement-21.3.0:] AndroidManifest.xml:43:13-69
189
190        <provider
190-->[:com.google.firebase.firebase-common-20.3.2:] AndroidManifest.xml:20:5-227
191            android:name="com.google.firebase.provider.FirebaseInitProvider"
191-->[:com.google.firebase.firebase-common-20.3.2:] AndroidManifest.xml:20:15-79
192            android:authorities="com.rb.AR_SharingMemo.firebaseinitprovider"
192-->[:com.google.firebase.firebase-common-20.3.2:] AndroidManifest.xml:20:80-144
193            android:directBootAware="true"
193-->[:com.google.firebase.firebase-common-20.3.2:] AndroidManifest.xml:20:145-175
194            android:exported="false"
194-->[:com.google.firebase.firebase-common-20.3.2:] AndroidManifest.xml:20:176-200
195            android:initOrder="100" />
195-->[:com.google.firebase.firebase-common-20.3.2:] AndroidManifest.xml:20:201-224
196
197        <activity
197-->[:com.google.android.gms.play-services-base-18.2.0:] AndroidManifest.xml:20:9-22:45
198            android:name="com.google.android.gms.common.api.GoogleApiActivity"
198-->[:com.google.android.gms.play-services-base-18.2.0:] AndroidManifest.xml:20:19-85
199            android:exported="false"
199-->[:com.google.android.gms.play-services-base-18.2.0:] AndroidManifest.xml:22:19-43
200            android:theme="@android:style/Theme.Translucent.NoTitleBar" />
200-->[:com.google.android.gms.play-services-base-18.2.0:] AndroidManifest.xml:21:19-78
201
202        <meta-data
202-->[:com.google.android.gms.play-services-basement-18.1.0:] AndroidManifest.xml:21:9-23:69
203            android:name="com.google.android.gms.version"
203-->[:com.google.android.gms.play-services-basement-18.1.0:] AndroidManifest.xml:22:13-58
204            android:value="@integer/google_play_services_version" />
204-->[:com.google.android.gms.play-services-basement-18.1.0:] AndroidManifest.xml:23:13-66
205    </application>
206
207</manifest>